<?xml version="1.0" encoding="UTF-8"?>
<!-- Generated by org.testng.reporters.JUnitReportReporter -->
<testsuite hostname="gregor-Inspiron-15-3567" failures="0" tests="1" name="selepractoce.Test.AppTest" time="15.234" errors="0" timestamp="2024-06-19T13:52:51 CEST" skipped="0">
  <testcase classname="selepractoce.Test.AppTest" name="e2eTest" time="15.234"/>
  <system-out/>
</testsuite> <!-- selepractoce.Test.AppTest -->
